2021-07-14 11:06:23.699  INFO 18992 --- [restartedMain] .e.DevToolsPropertyDefaultsPostProcessor : Devtools property defaults active! Set 'spring.devtools.add-properties' to 'false' to disable
2021-07-14 11:06:24.167  INFO 18992 --- [restartedMain] c.c.c.ConfigServicePropertySourceLocator : Fetching config from server at : http://localhost:9090
2021-07-14 11:09:02.451  INFO 15876 --- [restartedMain] .e.DevToolsPropertyDefaultsPostProcessor : Devtools property defaults active! Set 'spring.devtools.add-properties' to 'false' to disable
2021-07-14 11:09:02.855  INFO 15876 --- [restartedMain] c.c.c.ConfigServicePropertySourceLocator : Fetching config from server at : http://localhost:9090
2021-07-14 11:09:09.616  INFO 15876 --- [restartedMain] c.c.c.ConfigServicePropertySourceLocator : Located environment: name=issue-service, profiles=[default], label=null, version=5f7dfff238b1672a7bdcddaaaaecf124a49813c6, state=null
2021-07-14 11:09:09.617  INFO 15876 --- [restartedMain] b.c.PropertySourceBootstrapConfiguration : Located property source: [BootstrapPropertySource {name='bootstrapProperties-configClient'}, BootstrapPropertySource {name='bootstrapProperties-https://github.com/dnilay/config-server-repo.git/file:C:\Users\0020CW~1\AppData\Local\Temp\config-repo-3501365233477315757\application.yml'}]
2021-07-14 11:09:09.628  INFO 15876 --- [restartedMain] c.example.demo.IssuesServiceApplication  : No active profile set, falling back to default profiles: default
2021-07-14 11:09:10.484  INFO 15876 --- [restartedMain] .s.d.r.c.RepositoryConfigurationDelegate : Bootstrapping Spring Data MongoDB repositories in DEFAULT mode.
2021-07-14 11:09:10.610  INFO 15876 --- [restartedMain] .s.d.r.c.RepositoryConfigurationDelegate : Finished Spring Data repository scanning in 123 ms. Found 1 MongoDB repository interfaces.
2021-07-14 11:09:10.804  INFO 15876 --- [restartedMain] o.s.cloud.context.scope.GenericScope     : BeanFactory id=527905e9-cca5-3fd0-aff0-aa596cadce2c
2021-07-14 11:09:11.191  INFO 15876 --- [restartedMain] o.s.b.w.embedded.tomcat.TomcatWebServer  : Tomcat initialized with port(s): 0 (http)
2021-07-14 11:09:11.199  INFO 15876 --- [restartedMain] o.apache.catalina.core.StandardService   : Starting service [Tomcat]
2021-07-14 11:09:11.199  INFO 15876 --- [restartedMain] org.apache.catalina.core.StandardEngine  : Starting Servlet engine: [Apache Tomcat/9.0.48]
2021-07-14 11:09:11.283  INFO 15876 --- [restartedMain] o.a.c.c.C.[Tomcat].[localhost].[/]       : Initializing Spring embedded WebApplicationContext
2021-07-14 11:09:11.284  INFO 15876 --- [restartedMain] w.s.c.ServletWebServerApplicationContext : Root WebApplicationContext: initialization completed in 1646 ms
2021-07-14 11:09:11.547  INFO 15876 --- [restartedMain] org.mongodb.driver.cluster               : Cluster created with settings {hosts=[localhost:27017], mode=SINGLE, requiredClusterType=UNKNOWN, serverSelectionTimeout='30000 ms'}
2021-07-14 11:09:11.596  INFO 15876 --- [cluster-ClusterId{value='60ee787f6551436830b1ef7c', description='null'}-localhost:27017] org.mongodb.driver.connection            : Opened connection [connectionId{localValue:1, serverValue:33}] to localhost:27017
2021-07-14 11:09:11.596  INFO 15876 --- [cluster-rtt-ClusterId{value='60ee787f6551436830b1ef7c', description='null'}-localhost:27017] org.mongodb.driver.connection            : Opened connection [connectionId{localValue:2, serverValue:34}] to localhost:27017
2021-07-14 11:09:11.596  INFO 15876 --- [cluster-ClusterId{value='60ee787f6551436830b1ef7c', description='null'}-localhost:27017] org.mongodb.driver.cluster               : Monitor thread successfully connected to server with description ServerDescription{address=localhost:27017, type=STANDALONE, state=CONNECTED, ok=true, minWireVersion=0, maxWireVersion=9, maxDocumentSize=16777216, logicalSessionTimeoutMinutes=30, roundTripTimeNanos=15733400}
2021-07-14 11:09:11.627  WARN 15876 --- [restartedMain] o.s.data.convert.CustomConversions       : Registering converter from class java.time.LocalDateTime to class org.joda.time.LocalDateTime as reading converter although it doesn't convert from a store-supported type! You might want to check your annotation setup at the converter implementation.
2021-07-14 11:09:11.688  WARN 15876 --- [restartedMain] o.s.b.d.a.OptionalLiveReloadServer       : Unable to start LiveReload server
2021-07-14 11:09:11.721  WARN 15876 --- [restartedMain] o.s.data.convert.CustomConversions       : Registering converter from class java.time.LocalDateTime to class org.joda.time.LocalDateTime as reading converter although it doesn't convert from a store-supported type! You might want to check your annotation setup at the converter implementation.
2021-07-14 11:09:12.268  INFO 15876 --- [restartedMain] o.s.b.a.e.web.EndpointLinksResolver      : Exposing 2 endpoint(s) beneath base path '/actuator'
2021-07-14 11:09:12.326  INFO 15876 --- [restartedMain] pertySourcedRequestMappingHandlerMapping : Mapped URL path [/v2/api-docs] onto method [springfox.documentation.swagger2.web.Swagger2Controller#getDocumentation(String, HttpServletRequest)]
2021-07-14 11:09:13.082  INFO 15876 --- [restartedMain] DiscoveryClientOptionalArgsConfiguration : Eureka HTTP Client uses RestTemplate.
2021-07-14 11:09:13.126  WARN 15876 --- [restartedMain] iguration$LoadBalancerCaffeineWarnLogger : Spring Cloud LoadBalancer is currently working with the default cache. You can switch to using Caffeine cache, by adding it and org.springframework.cache.caffeine.CaffeineCacheManager to the classpath.
2021-07-14 11:09:13.199  INFO 15876 --- [restartedMain] o.s.b.w.embedded.tomcat.TomcatWebServer  : Tomcat started on port(s): 50088 (http) with context path ''
2021-07-14 11:09:13.200  INFO 15876 --- [restartedMain] .s.c.n.e.s.EurekaAutoServiceRegistration : Updating port to 50088
2021-07-14 11:09:13.205  INFO 15876 --- [restartedMain] o.s.c.n.eureka.InstanceInfoFactory       : Setting initial instance status as: STARTING
2021-07-14 11:09:13.253  INFO 15876 --- [restartedMain] com.netflix.discovery.DiscoveryClient    : Initializing Eureka in region us-east-1
2021-07-14 11:09:13.258  INFO 15876 --- [restartedMain] c.n.d.s.r.aws.ConfigClusterResolver      : Resolving eureka endpoints via configuration
2021-07-14 11:09:13.285  INFO 15876 --- [restartedMain] com.netflix.discovery.DiscoveryClient    : Disable delta property : false
2021-07-14 11:09:13.285  INFO 15876 --- [restartedMain] com.netflix.discovery.DiscoveryClient    : Single vip registry refresh property : null
2021-07-14 11:09:13.285  INFO 15876 --- [restartedMain] com.netflix.discovery.DiscoveryClient    : Force full registry fetch : false
2021-07-14 11:09:13.286  INFO 15876 --- [restartedMain] com.netflix.discovery.DiscoveryClient    : Application is null : false
2021-07-14 11:09:13.286  INFO 15876 --- [restartedMain] com.netflix.discovery.DiscoveryClient    : Registered Applications size is zero : true
2021-07-14 11:09:13.286  INFO 15876 --- [restartedMain] com.netflix.discovery.DiscoveryClient    : Application version is -1: true
2021-07-14 11:09:13.286  INFO 15876 --- [restartedMain] com.netflix.discovery.DiscoveryClient    : Getting all instance registry info from the eureka server
2021-07-14 11:09:13.640  INFO 15876 --- [restartedMain] com.netflix.discovery.DiscoveryClient    : The response status is 200
2021-07-14 11:09:13.645  INFO 15876 --- [restartedMain] com.netflix.discovery.DiscoveryClient    : Starting heartbeat executor: renew interval is: 30
2021-07-14 11:09:13.650  INFO 15876 --- [restartedMain] c.n.discovery.InstanceInfoReplicator     : InstanceInfoReplicator onDemand update allowed rate per min is 4
2021-07-14 11:09:13.660  INFO 15876 --- [restartedMain] com.netflix.discovery.DiscoveryClient    : Discovery Client initialized at timestamp 1626241153660 with initial instances count: 0
2021-07-14 11:09:13.661  INFO 15876 --- [restartedMain] o.s.c.n.e.s.EurekaServiceRegistry        : Registering application ISSUE-SERVICE with eureka with status UP
2021-07-14 11:09:13.662  INFO 15876 --- [restartedMain] com.netflix.discovery.DiscoveryClient    : Saw local status change event StatusChangeEvent [timestamp=1626241153662, current=UP, previous=STARTING]
2021-07-14 11:09:13.663  INFO 15876 --- [DiscoveryClient-InstanceInfoReplicator-0] com.netflix.discovery.DiscoveryClient    : DiscoveryClient_ISSUE-SERVICE/issue-service:1c1e562132b2ee3cf1d29ea79862f9af: registering service...
2021-07-14 11:09:13.769  INFO 15876 --- [restartedMain] d.s.w.p.DocumentationPluginsBootstrapper : Context refreshed
2021-07-14 11:09:13.798  INFO 15876 --- [restartedMain] d.s.w.p.DocumentationPluginsBootstrapper : Found 1 custom documentation plugin(s)
2021-07-14 11:09:13.836  INFO 15876 --- [DiscoveryClient-InstanceInfoReplicator-0] com.netflix.discovery.DiscoveryClient    : DiscoveryClient_ISSUE-SERVICE/issue-service:1c1e562132b2ee3cf1d29ea79862f9af - registration status: 204
2021-07-14 11:09:13.837  INFO 15876 --- [restartedMain] s.d.s.w.s.ApiListingReferenceScanner     : Scanning for api listing references
2021-07-14 11:09:13.968  INFO 15876 --- [restartedMain] .d.s.w.r.o.CachingOperationNameGenerator : Generating unique operation named: handleUsingGET_1
2021-07-14 11:09:13.971  INFO 15876 --- [restartedMain] .d.s.w.r.o.CachingOperationNameGenerator : Generating unique operation named: handleUsingGET_2
2021-07-14 11:09:13.998  INFO 15876 --- [restartedMain] c.example.demo.IssuesServiceApplication  : Started IssuesServiceApplication in 12.279 seconds (JVM running for 12.987)
2021-07-14 11:09:27.133  WARN 15876 --- [registrationTask1] d.c.b.a.c.r.ApplicationRegistrator       : Failed to register application as Application(name=issue-service, managementUrl=http://LAPTOP-676IOGM2:50088/actuator, healthUrl=http://LAPTOP-676IOGM2:50088/actuator/health, serviceUrl=http://LAPTOP-676IOGM2:50088/) at spring-boot-admin ([http://admin:admin@localhost:8888//instances]): I/O error on POST request for "http://admin:admin@localhost:8888/instances": Connect to localhost:8888 [localhost/127.0.0.1, localhost/0:0:0:0:0:0:0:1] failed: Connection refused: no further information; nested exception is org.apache.http.conn.HttpHostConnectException: Connect to localhost:8888 [localhost/127.0.0.1, localhost/0:0:0:0:0:0:0:1] failed: Connection refused: no further information. Further attempts are logged on DEBUG level
2021-07-14 11:09:43.649  INFO 15876 --- [DiscoveryClient-CacheRefreshExecutor-0] com.netflix.discovery.DiscoveryClient    : Disable delta property : false
2021-07-14 11:09:43.649  INFO 15876 --- [DiscoveryClient-CacheRefreshExecutor-0] com.netflix.discovery.DiscoveryClient    : Single vip registry refresh property : null
2021-07-14 11:09:43.649  INFO 15876 --- [DiscoveryClient-CacheRefreshExecutor-0] com.netflix.discovery.DiscoveryClient    : Force full registry fetch : false
2021-07-14 11:09:43.649  INFO 15876 --- [DiscoveryClient-CacheRefreshExecutor-0] com.netflix.discovery.DiscoveryClient    : Application is null : false
2021-07-14 11:09:43.649  INFO 15876 --- [DiscoveryClient-CacheRefreshExecutor-0] com.netflix.discovery.DiscoveryClient    : Registered Applications size is zero : true
2021-07-14 11:09:43.650  INFO 15876 --- [DiscoveryClient-CacheRefreshExecutor-0] com.netflix.discovery.DiscoveryClient    : Application version is -1: false
2021-07-14 11:09:43.650  INFO 15876 --- [DiscoveryClient-CacheRefreshExecutor-0] com.netflix.discovery.DiscoveryClient    : Getting all instance registry info from the eureka server
2021-07-14 11:09:43.671  INFO 15876 --- [DiscoveryClient-CacheRefreshExecutor-0] com.netflix.discovery.DiscoveryClient    : The response status is 200
2021-07-14 11:14:13.292  INFO 15876 --- [AsyncResolver-bootstrap-executor-0] c.n.d.s.r.aws.ConfigClusterResolver      : Resolving eureka endpoints via configuration
2021-07-14 11:19:13.308  INFO 15876 --- [AsyncResolver-bootstrap-executor-0] c.n.d.s.r.aws.ConfigClusterResolver      : Resolving eureka endpoints via configuration
2021-07-14 11:24:13.321  INFO 15876 --- [AsyncResolver-bootstrap-executor-0] c.n.d.s.r.aws.ConfigClusterResolver      : Resolving eureka endpoints via configuration
2021-07-14 11:24:44.500  INFO 15876 --- [RMI TCP Connection(20)-127.0.0.1] inMXBeanRegistrar$SpringApplicationAdmin : Application shutdown requested.
2021-07-14 11:24:44.501  INFO 15876 --- [RMI TCP Connection(20)-127.0.0.1] o.s.c.n.e.s.EurekaServiceRegistry        : Unregistering application ISSUE-SERVICE with eureka with status DOWN
2021-07-14 11:24:44.501  INFO 15876 --- [RMI TCP Connection(20)-127.0.0.1] com.netflix.discovery.DiscoveryClient    : Saw local status change event StatusChangeEvent [timestamp=1626242084501, current=DOWN, previous=UP]
2021-07-14 11:24:44.501  INFO 15876 --- [DiscoveryClient-InstanceInfoReplicator-0] com.netflix.discovery.DiscoveryClient    : DiscoveryClient_ISSUE-SERVICE/issue-service:1c1e562132b2ee3cf1d29ea79862f9af: registering service...
2021-07-14 11:24:44.504  INFO 15876 --- [DiscoveryClient-InstanceInfoReplicator-0] com.netflix.discovery.DiscoveryClient    : DiscoveryClient_ISSUE-SERVICE/issue-service:1c1e562132b2ee3cf1d29ea79862f9af - registration status: 204
2021-07-14 11:24:44.517  INFO 15876 --- [RMI TCP Connection(20)-127.0.0.1] o.apache.catalina.core.StandardService   : Stopping service [Tomcat]
2021-07-14 11:24:44.531  INFO 15876 --- [RMI TCP Connection(20)-127.0.0.1] com.netflix.discovery.DiscoveryClient    : Shutting down DiscoveryClient ...
2021-07-14 11:24:47.548  INFO 15876 --- [RMI TCP Connection(20)-127.0.0.1] com.netflix.discovery.DiscoveryClient    : Unregistering ...
2021-07-14 11:24:47.554  INFO 15876 --- [RMI TCP Connection(20)-127.0.0.1] com.netflix.discovery.DiscoveryClient    : DiscoveryClient_ISSUE-SERVICE/issue-service:1c1e562132b2ee3cf1d29ea79862f9af - deregister  status: 200
2021-07-14 11:24:47.590  INFO 15876 --- [RMI TCP Connection(20)-127.0.0.1] com.netflix.discovery.DiscoveryClient    : Completed shut down of DiscoveryClient
2021-07-14 11:27:32.298  INFO 9184 --- [restartedMain] .e.DevToolsPropertyDefaultsPostProcessor : Devtools property defaults active! Set 'spring.devtools.add-properties' to 'false' to disable
2021-07-14 11:27:32.739  INFO 9184 --- [restartedMain] c.c.c.ConfigServicePropertySourceLocator : Fetching config from server at : http://localhost:9090
2021-07-14 11:27:39.377  INFO 9184 --- [restartedMain] c.c.c.ConfigServicePropertySourceLocator : Located environment: name=issue-service, profiles=[default], label=null, version=5f7dfff238b1672a7bdcddaaaaecf124a49813c6, state=null
2021-07-14 11:27:39.378  INFO 9184 --- [restartedMain] b.c.PropertySourceBootstrapConfiguration : Located property source: [BootstrapPropertySource {name='bootstrapProperties-configClient'}, BootstrapPropertySource {name='bootstrapProperties-https://github.com/dnilay/config-server-repo.git/file:C:\Users\0020CW~1\AppData\Local\Temp\config-repo-13245693565473831962\application.yml'}]
2021-07-14 11:27:39.389  INFO 9184 --- [restartedMain] c.example.demo.IssuesServiceApplication  : No active profile set, falling back to default profiles: default
2021-07-14 11:27:40.163  INFO 9184 --- [restartedMain] .s.d.r.c.RepositoryConfigurationDelegate : Bootstrapping Spring Data MongoDB repositories in DEFAULT mode.
2021-07-14 11:27:40.282  INFO 9184 --- [restartedMain] .s.d.r.c.RepositoryConfigurationDelegate : Finished Spring Data repository scanning in 116 ms. Found 1 MongoDB repository interfaces.
2021-07-14 11:27:40.473  INFO 9184 --- [restartedMain] o.s.cloud.context.scope.GenericScope     : BeanFactory id=527905e9-cca5-3fd0-aff0-aa596cadce2c
2021-07-14 11:27:40.856  INFO 9184 --- [restartedMain] o.s.b.w.embedded.tomcat.TomcatWebServer  : Tomcat initialized with port(s): 0 (http)
2021-07-14 11:27:40.862  INFO 9184 --- [restartedMain] o.apache.catalina.core.StandardService   : Starting service [Tomcat]
2021-07-14 11:27:40.862  INFO 9184 --- [restartedMain] org.apache.catalina.core.StandardEngine  : Starting Servlet engine: [Apache Tomcat/9.0.48]
2021-07-14 11:27:40.952  INFO 9184 --- [restartedMain] o.a.c.c.C.[Tomcat].[localhost].[/]       : Initializing Spring embedded WebApplicationContext
2021-07-14 11:27:40.953  INFO 9184 --- [restartedMain] w.s.c.ServletWebServerApplicationContext : Root WebApplicationContext: initialization completed in 1552 ms
2021-07-14 11:27:41.160  INFO 9184 --- [restartedMain] org.mongodb.driver.cluster               : Cluster created with settings {hosts=[localhost:27017], mode=SINGLE, requiredClusterType=UNKNOWN, serverSelectionTimeout='30000 ms'}
2021-07-14 11:27:41.204  INFO 9184 --- [cluster-ClusterId{value='60ee7cd540a3d62b1db9fcf3', description='null'}-localhost:27017] org.mongodb.driver.connection            : Opened connection [connectionId{localValue:1, serverValue:58}] to localhost:27017
2021-07-14 11:27:41.204  INFO 9184 --- [cluster-rtt-ClusterId{value='60ee7cd540a3d62b1db9fcf3', description='null'}-localhost:27017] org.mongodb.driver.connection            : Opened connection [connectionId{localValue:2, serverValue:59}] to localhost:27017
2021-07-14 11:27:41.204  INFO 9184 --- [cluster-ClusterId{value='60ee7cd540a3d62b1db9fcf3', description='null'}-localhost:27017] org.mongodb.driver.cluster               : Monitor thread successfully connected to server with description ServerDescription{address=localhost:27017, type=STANDALONE, state=CONNECTED, ok=true, minWireVersion=0, maxWireVersion=9, maxDocumentSize=16777216, logicalSessionTimeoutMinutes=30, roundTripTimeNanos=14769400}
2021-07-14 11:27:41.240  WARN 9184 --- [restartedMain] o.s.data.convert.CustomConversions       : Registering converter from class java.time.LocalDateTime to class org.joda.time.LocalDateTime as reading converter although it doesn't convert from a store-supported type! You might want to check your annotation setup at the converter implementation.
2021-07-14 11:27:41.307  WARN 9184 --- [restartedMain] o.s.b.d.a.OptionalLiveReloadServer       : Unable to start LiveReload server
2021-07-14 11:27:41.337  WARN 9184 --- [restartedMain] o.s.data.convert.CustomConversions       : Registering converter from class java.time.LocalDateTime to class org.joda.time.LocalDateTime as reading converter although it doesn't convert from a store-supported type! You might want to check your annotation setup at the converter implementation.
2021-07-14 11:27:41.866  INFO 9184 --- [restartedMain] o.s.b.a.e.web.EndpointLinksResolver      : Exposing 2 endpoint(s) beneath base path '/actuator'
2021-07-14 11:27:41.910  INFO 9184 --- [restartedMain] pertySourcedRequestMappingHandlerMapping : Mapped URL path [/v2/api-docs] onto method [springfox.documentation.swagger2.web.Swagger2Controller#getDocumentation(String, HttpServletRequest)]
2021-07-14 11:27:42.649  INFO 9184 --- [restartedMain] DiscoveryClientOptionalArgsConfiguration : Eureka HTTP Client uses RestTemplate.
2021-07-14 11:27:42.689  WARN 9184 --- [restartedMain] iguration$LoadBalancerCaffeineWarnLogger : Spring Cloud LoadBalancer is currently working with the default cache. You can switch to using Caffeine cache, by adding it and org.springframework.cache.caffeine.CaffeineCacheManager to the classpath.
2021-07-14 11:27:42.763  INFO 9184 --- [restartedMain] o.s.b.w.embedded.tomcat.TomcatWebServer  : Tomcat started on port(s): 49763 (http) with context path ''
2021-07-14 11:27:42.763  INFO 9184 --- [restartedMain] .s.c.n.e.s.EurekaAutoServiceRegistration : Updating port to 49763
2021-07-14 11:27:42.767  INFO 9184 --- [restartedMain] o.s.c.n.eureka.InstanceInfoFactory       : Setting initial instance status as: STARTING
2021-07-14 11:27:42.799  INFO 9184 --- [restartedMain] com.netflix.discovery.DiscoveryClient    : Initializing Eureka in region us-east-1
2021-07-14 11:27:42.804  INFO 9184 --- [restartedMain] c.n.d.s.r.aws.ConfigClusterResolver      : Resolving eureka endpoints via configuration
2021-07-14 11:27:42.829  INFO 9184 --- [restartedMain] com.netflix.discovery.DiscoveryClient    : Disable delta property : false
2021-07-14 11:27:42.829  INFO 9184 --- [restartedMain] com.netflix.discovery.DiscoveryClient    : Single vip registry refresh property : null
2021-07-14 11:27:42.829  INFO 9184 --- [restartedMain] com.netflix.discovery.DiscoveryClient    : Force full registry fetch : false
2021-07-14 11:27:42.829  INFO 9184 --- [restartedMain] com.netflix.discovery.DiscoveryClient    : Application is null : false
2021-07-14 11:27:42.830  INFO 9184 --- [restartedMain] com.netflix.discovery.DiscoveryClient    : Registered Applications size is zero : true
2021-07-14 11:27:42.830  INFO 9184 --- [restartedMain] com.netflix.discovery.DiscoveryClient    : Application version is -1: true
2021-07-14 11:27:42.830  INFO 9184 --- [restartedMain] com.netflix.discovery.DiscoveryClient    : Getting all instance registry info from the eureka server
2021-07-14 11:27:42.996  INFO 9184 --- [restartedMain] com.netflix.discovery.DiscoveryClient    : The response status is 200
2021-07-14 11:27:43.001  INFO 9184 --- [restartedMain] com.netflix.discovery.DiscoveryClient    : Starting heartbeat executor: renew interval is: 30
2021-07-14 11:27:43.006  INFO 9184 --- [restartedMain] c.n.discovery.InstanceInfoReplicator     : InstanceInfoReplicator onDemand update allowed rate per min is 4
2021-07-14 11:27:43.016  INFO 9184 --- [restartedMain] com.netflix.discovery.DiscoveryClient    : Discovery Client initialized at timestamp 1626242263016 with initial instances count: 1
2021-07-14 11:27:43.018  INFO 9184 --- [restartedMain] o.s.c.n.e.s.EurekaServiceRegistry        : Registering application ISSUE-SERVICE with eureka with status UP
2021-07-14 11:27:43.018  INFO 9184 --- [restartedMain] com.netflix.discovery.DiscoveryClient    : Saw local status change event StatusChangeEvent [timestamp=1626242263018, current=UP, previous=STARTING]
2021-07-14 11:27:43.020  INFO 9184 --- [DiscoveryClient-InstanceInfoReplicator-0] com.netflix.discovery.DiscoveryClient    : DiscoveryClient_ISSUE-SERVICE/issue-service:6345bfd1e5a40f6382d6c4669d1b9c82: registering service...
2021-07-14 11:27:43.126  INFO 9184 --- [restartedMain] d.s.w.p.DocumentationPluginsBootstrapper : Context refreshed
2021-07-14 11:27:43.134  INFO 9184 --- [DiscoveryClient-InstanceInfoReplicator-0] com.netflix.discovery.DiscoveryClient    : DiscoveryClient_ISSUE-SERVICE/issue-service:6345bfd1e5a40f6382d6c4669d1b9c82 - registration status: 204
2021-07-14 11:27:43.138  INFO 9184 --- [restartedMain] d.s.w.p.DocumentationPluginsBootstrapper : Found 1 custom documentation plugin(s)
2021-07-14 11:27:43.169  INFO 9184 --- [restartedMain] s.d.s.w.s.ApiListingReferenceScanner     : Scanning for api listing references
2021-07-14 11:27:43.306  INFO 9184 --- [restartedMain] .d.s.w.r.o.CachingOperationNameGenerator : Generating unique operation named: handleUsingGET_1
2021-07-14 11:27:43.309  INFO 9184 --- [restartedMain] .d.s.w.r.o.CachingOperationNameGenerator : Generating unique operation named: handleUsingGET_2
2021-07-14 11:27:43.335  INFO 9184 --- [restartedMain] c.example.demo.IssuesServiceApplication  : Started IssuesServiceApplication in 11.779 seconds (JVM running for 12.471)
2021-07-14 11:27:56.475  WARN 9184 --- [registrationTask1] d.c.b.a.c.r.ApplicationRegistrator       : Failed to register application as Application(name=issue-service, managementUrl=http://LAPTOP-676IOGM2:49763/actuator, healthUrl=http://LAPTOP-676IOGM2:49763/actuator/health, serviceUrl=http://LAPTOP-676IOGM2:49763/) at spring-boot-admin ([http://admin:admin@localhost:8888//instances]): I/O error on POST request for "http://admin:admin@localhost:8888/instances": Connect to localhost:8888 [localhost/127.0.0.1, localhost/0:0:0:0:0:0:0:1] failed: Connection refused: no further information; nested exception is org.apache.http.conn.HttpHostConnectException: Connect to localhost:8888 [localhost/127.0.0.1, localhost/0:0:0:0:0:0:0:1] failed: Connection refused: no further information. Further attempts are logged on DEBUG level
2021-07-14 11:32:42.835  INFO 9184 --- [AsyncResolver-bootstrap-executor-0] c.n.d.s.r.aws.ConfigClusterResolver      : Resolving eureka endpoints via configuration
2021-07-14 11:37:42.849  INFO 9184 --- [AsyncResolver-bootstrap-executor-0] c.n.d.s.r.aws.ConfigClusterResolver      : Resolving eureka endpoints via configuration
2021-07-14 11:42:42.855  INFO 9184 --- [AsyncResolver-bootstrap-executor-0] c.n.d.s.r.aws.ConfigClusterResolver      : Resolving eureka endpoints via configuration
2021-07-14 11:47:42.861  INFO 9184 --- [AsyncResolver-bootstrap-executor-0] c.n.d.s.r.aws.ConfigClusterResolver      : Resolving eureka endpoints via configuration
2021-07-14 11:52:42.865  INFO 9184 --- [AsyncResolver-bootstrap-executor-0] c.n.d.s.r.aws.ConfigClusterResolver      : Resolving eureka endpoints via configuration
2021-07-14 11:57:42.869  INFO 9184 --- [AsyncResolver-bootstrap-executor-0] c.n.d.s.r.aws.ConfigClusterResolver      : Resolving eureka endpoints via configuration
2021-07-14 12:02:42.876  INFO 9184 --- [AsyncResolver-bootstrap-executor-0] c.n.d.s.r.aws.ConfigClusterResolver      : Resolving eureka endpoints via configuration
2021-07-14 12:07:42.879  INFO 9184 --- [AsyncResolver-bootstrap-executor-0] c.n.d.s.r.aws.ConfigClusterResolver      : Resolving eureka endpoints via configuration
2021-07-14 12:12:42.886  INFO 9184 --- [AsyncResolver-bootstrap-executor-0] c.n.d.s.r.aws.ConfigClusterResolver      : Resolving eureka endpoints via configuration
2021-07-14 12:17:42.894  INFO 9184 --- [AsyncResolver-bootstrap-executor-0] c.n.d.s.r.aws.ConfigClusterResolver      : Resolving eureka endpoints via configuration
2021-07-14 12:22:42.908  INFO 9184 --- [AsyncResolver-bootstrap-executor-0] c.n.d.s.r.aws.ConfigClusterResolver      : Resolving eureka endpoints via configuration
2021-07-14 12:27:42.911  INFO 9184 --- [AsyncResolver-bootstrap-executor-0] c.n.d.s.r.aws.ConfigClusterResolver      : Resolving eureka endpoints via configuration
2021-07-14 12:32:42.912  INFO 9184 --- [AsyncResolver-bootstrap-executor-0] c.n.d.s.r.aws.ConfigClusterResolver      : Resolving eureka endpoints via configuration
2021-07-14 12:37:42.919  INFO 9184 --- [AsyncResolver-bootstrap-executor-0] c.n.d.s.r.aws.ConfigClusterResolver      : Resolving eureka endpoints via configuration
2021-07-14 12:42:42.932  INFO 9184 --- [AsyncResolver-bootstrap-executor-0] c.n.d.s.r.aws.ConfigClusterResolver      : Resolving eureka endpoints via configuration
2021-07-14 12:47:42.933  INFO 9184 --- [AsyncResolver-bootstrap-executor-0] c.n.d.s.r.aws.ConfigClusterResolver      : Resolving eureka endpoints via configuration
2021-07-14 12:52:42.947  INFO 9184 --- [AsyncResolver-bootstrap-executor-0] c.n.d.s.r.aws.ConfigClusterResolver      : Resolving eureka endpoints via configuration
2021-07-14 12:57:42.949  INFO 9184 --- [AsyncResolver-bootstrap-executor-0] c.n.d.s.r.aws.ConfigClusterResolver      : Resolving eureka endpoints via configuration
2021-07-14 13:02:42.952  INFO 9184 --- [AsyncResolver-bootstrap-executor-0] c.n.d.s.r.aws.ConfigClusterResolver      : Resolving eureka endpoints via configuration
2021-07-14 13:07:42.953  INFO 9184 --- [AsyncResolver-bootstrap-executor-0] c.n.d.s.r.aws.ConfigClusterResolver      : Resolving eureka endpoints via configuration
2021-07-14 13:12:42.969  INFO 9184 --- [AsyncResolver-bootstrap-executor-0] c.n.d.s.r.aws.ConfigClusterResolver      : Resolving eureka endpoints via configuration
2021-07-14 13:17:42.978  INFO 9184 --- [AsyncResolver-bootstrap-executor-0] c.n.d.s.r.aws.ConfigClusterResolver      : Resolving eureka endpoints via configuration
2021-07-14 13:22:42.987  INFO 9184 --- [AsyncResolver-bootstrap-executor-0] c.n.d.s.r.aws.ConfigClusterResolver      : Resolving eureka endpoints via configuration
2021-07-14 13:27:43.001  INFO 9184 --- [AsyncResolver-bootstrap-executor-0] c.n.d.s.r.aws.ConfigClusterResolver      : Resolving eureka endpoints via configuration
2021-07-14 13:32:43.005  INFO 9184 --- [AsyncResolver-bootstrap-executor-0] c.n.d.s.r.aws.ConfigClusterResolver      : Resolving eureka endpoints via configuration
2021-07-14 13:37:43.017  INFO 9184 --- [AsyncResolver-bootstrap-executor-0] c.n.d.s.r.aws.ConfigClusterResolver      : Resolving eureka endpoints via configuration
2021-07-14 13:42:43.021  INFO 9184 --- [AsyncResolver-bootstrap-executor-0] c.n.d.s.r.aws.ConfigClusterResolver      : Resolving eureka endpoints via configuration
2021-07-14 13:47:43.027  INFO 9184 --- [AsyncResolver-bootstrap-executor-0] c.n.d.s.r.aws.ConfigClusterResolver      : Resolving eureka endpoints via configuration
2021-07-14 13:52:43.030  INFO 9184 --- [AsyncResolver-bootstrap-executor-0] c.n.d.s.r.aws.ConfigClusterResolver      : Resolving eureka endpoints via configuration
2021-07-14 13:57:43.039  INFO 9184 --- [AsyncResolver-bootstrap-executor-0] c.n.d.s.r.aws.ConfigClusterResolver      : Resolving eureka endpoints via configuration
2021-07-14 14:02:43.041  INFO 9184 --- [AsyncResolver-bootstrap-executor-0] c.n.d.s.r.aws.ConfigClusterResolver      : Resolving eureka endpoints via configuration
2021-07-14 14:07:43.055  INFO 9184 --- [AsyncResolver-bootstrap-executor-0] c.n.d.s.r.aws.ConfigClusterResolver      : Resolving eureka endpoints via configuration
2021-07-14 14:12:43.068  INFO 9184 --- [AsyncResolver-bootstrap-executor-0] c.n.d.s.r.aws.ConfigClusterResolver      : Resolving eureka endpoints via configuration
2021-07-14 14:17:43.073  INFO 9184 --- [AsyncResolver-bootstrap-executor-0] c.n.d.s.r.aws.ConfigClusterResolver      : Resolving eureka endpoints via configuration
2021-07-14 14:22:43.082  INFO 9184 --- [AsyncResolver-bootstrap-executor-0] c.n.d.s.r.aws.ConfigClusterResolver      : Resolving eureka endpoints via configuration
2021-07-14 14:27:43.091  INFO 9184 --- [AsyncResolver-bootstrap-executor-0] c.n.d.s.r.aws.ConfigClusterResolver      : Resolving eureka endpoints via configuration
2021-07-14 14:32:43.101  INFO 9184 --- [AsyncResolver-bootstrap-executor-0] c.n.d.s.r.aws.ConfigClusterResolver      : Resolving eureka endpoints via configuration
2021-07-14 14:37:43.107  INFO 9184 --- [AsyncResolver-bootstrap-executor-0] c.n.d.s.r.aws.ConfigClusterResolver      : Resolving eureka endpoints via configuration
2021-07-14 14:42:43.112  INFO 9184 --- [AsyncResolver-bootstrap-executor-0] c.n.d.s.r.aws.ConfigClusterResolver      : Resolving eureka endpoints via configuration
2021-07-14 14:47:43.127  INFO 9184 --- [AsyncResolver-bootstrap-executor-0] c.n.d.s.r.aws.ConfigClusterResolver      : Resolving eureka endpoints via configuration
2021-07-14 14:52:43.142  INFO 9184 --- [AsyncResolver-bootstrap-executor-0] c.n.d.s.r.aws.ConfigClusterResolver      : Resolving eureka endpoints via configuration
2021-07-14 14:57:43.151  INFO 9184 --- [AsyncResolver-bootstrap-executor-0] c.n.d.s.r.aws.ConfigClusterResolver      : Resolving eureka endpoints via configuration
2021-07-14 15:02:43.166  INFO 9184 --- [AsyncResolver-bootstrap-executor-0] c.n.d.s.r.aws.ConfigClusterResolver      : Resolving eureka endpoints via configuration
2021-07-14 15:07:43.182  INFO 9184 --- [AsyncResolver-bootstrap-executor-0] c.n.d.s.r.aws.ConfigClusterResolver      : Resolving eureka endpoints via configuration
2021-07-14 15:12:43.186  INFO 9184 --- [AsyncResolver-bootstrap-executor-0] c.n.d.s.r.aws.ConfigClusterResolver      : Resolving eureka endpoints via configuration
2021-07-14 15:17:43.190  INFO 9184 --- [AsyncResolver-bootstrap-executor-0] c.n.d.s.r.aws.ConfigClusterResolver      : Resolving eureka endpoints via configuration
2021-07-14 15:22:43.206  INFO 9184 --- [AsyncResolver-bootstrap-executor-0] c.n.d.s.r.aws.ConfigClusterResolver      : Resolving eureka endpoints via configuration
2021-07-14 15:27:43.220  INFO 9184 --- [AsyncResolver-bootstrap-executor-0] c.n.d.s.r.aws.ConfigClusterResolver      : Resolving eureka endpoints via configuration
2021-07-14 15:32:43.225  INFO 9184 --- [AsyncResolver-bootstrap-executor-0] c.n.d.s.r.aws.ConfigClusterResolver      : Resolving eureka endpoints via configuration
2021-07-14 15:37:43.229  INFO 9184 --- [AsyncResolver-bootstrap-executor-0] c.n.d.s.r.aws.ConfigClusterResolver      : Resolving eureka endpoints via configuration
2021-07-14 15:42:43.240  INFO 9184 --- [AsyncResolver-bootstrap-executor-0] c.n.d.s.r.aws.ConfigClusterResolver      : Resolving eureka endpoints via configuration
2021-07-14 15:47:43.255  INFO 9184 --- [AsyncResolver-bootstrap-executor-0] c.n.d.s.r.aws.ConfigClusterResolver      : Resolving eureka endpoints via configuration
2021-07-14 15:52:43.266  INFO 9184 --- [AsyncResolver-bootstrap-executor-0] c.n.d.s.r.aws.ConfigClusterResolver      : Resolving eureka endpoints via configuration
2021-07-14 15:57:43.281  INFO 9184 --- [AsyncResolver-bootstrap-executor-0] c.n.d.s.r.aws.ConfigClusterResolver      : Resolving eureka endpoints via configuration
2021-07-14 16:02:43.282  INFO 9184 --- [AsyncResolver-bootstrap-executor-0] c.n.d.s.r.aws.ConfigClusterResolver      : Resolving eureka endpoints via configuration
2021-07-14 16:07:43.297  INFO 9184 --- [AsyncResolver-bootstrap-executor-0] c.n.d.s.r.aws.ConfigClusterResolver      : Resolving eureka endpoints via configuration
2021-07-14 16:12:43.310  INFO 9184 --- [AsyncResolver-bootstrap-executor-0] c.n.d.s.r.aws.ConfigClusterResolver      : Resolving eureka endpoints via configuration
2021-07-14 16:17:43.314  INFO 9184 --- [AsyncResolver-bootstrap-executor-0] c.n.d.s.r.aws.ConfigClusterResolver      : Resolving eureka endpoints via configuration
2021-07-14 16:22:43.322  INFO 9184 --- [AsyncResolver-bootstrap-executor-0] c.n.d.s.r.aws.ConfigClusterResolver      : Resolving eureka endpoints via configuration
2021-07-14 16:25:04.073  INFO 9184 --- [RMI TCP Connection(301)-127.0.0.1] inMXBeanRegistrar$SpringApplicationAdmin : Application shutdown requested.
2021-07-14 16:25:04.074  INFO 9184 --- [RMI TCP Connection(301)-127.0.0.1] o.s.c.n.e.s.EurekaServiceRegistry        : Unregistering application ISSUE-SERVICE with eureka with status DOWN
2021-07-14 16:25:04.074  INFO 9184 --- [RMI TCP Connection(301)-127.0.0.1] com.netflix.discovery.DiscoveryClient    : Saw local status change event StatusChangeEvent [timestamp=1626260104074, current=DOWN, previous=UP]
2021-07-14 16:25:04.075  INFO 9184 --- [DiscoveryClient-InstanceInfoReplicator-0] com.netflix.discovery.DiscoveryClient    : DiscoveryClient_ISSUE-SERVICE/issue-service:6345bfd1e5a40f6382d6c4669d1b9c82: registering service...
2021-07-14 16:25:04.082  INFO 9184 --- [DiscoveryClient-InstanceInfoReplicator-0] com.netflix.discovery.DiscoveryClient    : DiscoveryClient_ISSUE-SERVICE/issue-service:6345bfd1e5a40f6382d6c4669d1b9c82 - registration status: 204
2021-07-14 16:25:04.092  INFO 9184 --- [RMI TCP Connection(301)-127.0.0.1] o.apache.catalina.core.StandardService   : Stopping service [Tomcat]
2021-07-14 16:25:04.115  INFO 9184 --- [RMI TCP Connection(301)-127.0.0.1] com.netflix.discovery.DiscoveryClient    : Shutting down DiscoveryClient ...
2021-07-14 16:25:07.146  INFO 9184 --- [RMI TCP Connection(301)-127.0.0.1] com.netflix.discovery.DiscoveryClient    : Unregistering ...
2021-07-14 16:25:07.151  INFO 9184 --- [RMI TCP Connection(301)-127.0.0.1] com.netflix.discovery.DiscoveryClient    : DiscoveryClient_ISSUE-SERVICE/issue-service:6345bfd1e5a40f6382d6c4669d1b9c82 - deregister  status: 200
2021-07-14 16:25:07.191  INFO 9184 --- [RMI TCP Connection(301)-127.0.0.1] com.netflix.discovery.DiscoveryClient    : Completed shut down of DiscoveryClient
